Using pre-set license
Built from '2021.3/staging' branch; Version is '2021.3.10f1 (1c7d0df0160b) revision 1867021'; Using compiler version '192829333'; Build Type 'Release'
OS: 'Windows 10  (10.0.19045) 64bit Professional' Language: 'en' Physical Memory: 24541 MB
BatchMode: 1, IsHumanControllingUs: 0, StartBugReporterOnCrash: 0, Is64bit: 1, IsPro: 1

COMMAND LINE ARGUMENTS:
D:\unity\Unity Hub\Editor\2021.3.10f1\Editor\Unity.exe
-adb2
-batchMode
-noUpm
-name
AssetImportWorker2
-projectPath
D:/git/cooking/CookingGame
-logFile
Logs/AssetImportWorker2.log
-srvPort
11220
Successfully changed project path to: D:/git/cooking/CookingGame
D:/git/cooking/CookingGame
[UnityMemory] Configuration Parameters - Can be set up in boot.config
    "memorysetup-bucket-allocator-granularity=16"
    "memorysetup-bucket-allocator-bucket-count=8"
    "memorysetup-bucket-allocator-block-size=33554432"
    "memorysetup-bucket-allocator-block-count=8"
    "memorysetup-main-allocator-block-size=16777216"
    "memorysetup-thread-allocator-block-size=16777216"
    "memorysetup-gfx-main-allocator-block-size=16777216"
    "memorysetup-gfx-thread-allocator-block-size=16777216"
    "memorysetup-cache-allocator-block-size=4194304"
    "memorysetup-typetree-allocator-block-size=2097152"
    "memorysetup-profiler-bucket-allocator-granularity=16"
    "memorysetup-profiler-bucket-allocator-bucket-count=8"
    "memorysetup-profiler-bucket-allocator-block-size=33554432"
    "memorysetup-profiler-bucket-allocator-block-count=8"
    "memorysetup-profiler-allocator-block-size=16777216"
    "memorysetup-profiler-editor-allocator-block-size=1048576"
    "memorysetup-temp-allocator-size-main=16777216"
    "memorysetup-job-temp-allocator-block-size=2097152"
    "memorysetup-job-temp-allocator-block-size-background=1048576"
    "memorysetup-job-temp-allocator-reduction-small-platforms=262144"
    "memorysetup-temp-allocator-size-background-worker=32768"
    "memorysetup-temp-allocator-size-job-worker=262144"
    "memorysetup-temp-allocator-size-preload-manager=33554432"
    "memorysetup-temp-allocator-size-nav-mesh-worker=65536"
    "memorysetup-temp-allocator-size-audio-worker=65536"
    "memorysetup-temp-allocator-size-cloud-worker=32768"
    "memorysetup-temp-allocator-size-gi-baking-worker=262144"
    "memorysetup-temp-allocator-size-gfx=262144"
Refreshing native plugins compatible for Editor in 134.60 ms, found 3 plugins.
Preloading 0 native plugins for Editor in 0.00 ms.
Initialize engine version: 2021.3.10f1 (1c7d0df0160b)
[Subsystems] Discovering subsystems at path D:/unity/Unity Hub/Editor/2021.3.10f1/Editor/Data/Resources/UnitySubsystems
[Subsystems] Discovering subsystems at path D:/git/cooking/CookingGame/Assets
GfxDevice: creating device client; threaded=0; jobified=0
Direct3D:
    Version:  Direct3D 11.0 [level 11.1]
    Renderer: NVIDIA GeForce GTX 1050 (ID=0x1c81)
    Vendor:   NVIDIA
    VRAM:     1976 MB
    Driver:   31.0.15.3623
Initialize mono
Mono path[0] = 'D:/unity/Unity Hub/Editor/2021.3.10f1/Editor/Data/Managed'
Mono path[1] = 'D:/unity/Unity Hub/Editor/2021.3.10f1/Editor/Data/MonoBleedingEdge/lib/mono/unityjit-win32'
Mono config path = 'D:/unity/Unity Hub/Editor/2021.3.10f1/Editor/Data/MonoBleedingEdge/etc'
Using monoOptions --debugger-agent=transport=dt_socket,embedding=1,server=y,suspend=n,address=127.0.0.1:56556
Begin MonoManager ReloadAssembly
Registering precompiled unity dll's ...
Register platform support module: D:/unity/Unity Hub/Editor/2021.3.10f1/Editor/Data/PlaybackEngines/WebGLSupport/UnityEditor.WebGL.Extensions.dll
Register platform support module: D:/unity/Unity Hub/Editor/2021.3.10f1/Editor/Data/PlaybackEngines/AndroidPlayer/UnityEditor.Android.Extensions.dll
Register platform support module: D:/unity/Unity Hub/Editor/2021.3.10f1/Editor/Data/PlaybackEngines/WindowsStandaloneSupport/UnityEditor.WindowsStandalone.Extensions.dll
Registered in 0.006398 seconds.
Native extension for WindowsStandalone target not found
Native extension for Android target not found
Native extension for WebGL target not found
Refreshing native plugins compatible for Editor in 122.23 ms, found 3 plugins.
Preloading 0 native plugins for Editor in 0.00 ms.
Mono: successfully reloaded assembly
- Completed reload, in  1.220 seconds
Domain Reload Profiling:
	ReloadAssembly (1221ms)
		BeginReloadAssembly (108ms)
			ExecutionOrderSort (0ms)
			DisableScriptedObjects (0ms)
			BackupInstance (0ms)
			ReleaseScriptingObjects (0ms)
			CreateAndSetChildDomain (1ms)
		EndReloadAssembly (925ms)
			LoadAssemblies (108ms)
			RebuildTransferFunctionScriptingTraits (0ms)
			SetupTypeCache (180ms)
			ReleaseScriptCaches (0ms)
			RebuildScriptCaches (81ms)
			SetupLoadedEditorAssemblies (581ms)
				LogAssemblyErrors (0ms)
				InitializePlatformSupportModulesInManaged (204ms)
				SetLoadedEditorAssemblies (0ms)
				RefreshPlugins (122ms)
				BeforeProcessingInitializeOnLoad (2ms)
				ProcessInitializeOnLoadAttributes (170ms)
				ProcessInitializeOnLoadMethodAttributes (82ms)
				AfterProcessingInitializeOnLoad (0ms)
				EditorAssembliesLoaded (0ms)
			ExecutionOrderSort2 (0ms)
			AwakeInstancesAfterBackupRestoration (0ms)
Platform modules already initialized, skipping
Registering precompiled user dll's ...
Registered in 0.008057 seconds.
Android Extension - Scanning For ADB Devices 5415 ms
Begin MonoManager ReloadAssembly
Symbol file LoadedFromMemory doesn't match image D:\git\cooking\CookingGame\Library\PackageCache\com.unity.visualscripting@1.7.8\Editor\VisualScripting.Core\Dependencies\YamlDotNet\Unity.VisualScripting.YamlDotNet.dll
Symbol file LoadedFromMemory doesn't match image D:\git\cooking\CookingGame\Library\PackageCache\com.unity.visualscripting@1.7.8\Editor\VisualScripting.Core\Dependencies\DotNetZip\Unity.VisualScripting.IonicZip.dll
Native extension for WindowsStandalone target not found
Native extension for Android target not found
Native extension for WebGL target not found
Refreshing native plugins compatible for Editor in 0.90 ms, found 3 plugins.
Preloading 0 native plugins for Editor in 0.00 ms.
Mono: successfully reloaded assembly
- Completed reload, in  1.951 seconds
Domain Reload Profiling:
	ReloadAssembly (1954ms)
		BeginReloadAssembly (252ms)
			ExecutionOrderSort (0ms)
			DisableScriptedObjects (24ms)
			BackupInstance (0ms)
			ReleaseScriptingObjects (0ms)
			CreateAndSetChildDomain (37ms)
		EndReloadAssembly (1520ms)
			LoadAssemblies (189ms)
			RebuildTransferFunctionScriptingTraits (0ms)
			SetupTypeCache (467ms)
			ReleaseScriptCaches (1ms)
			RebuildScriptCaches (175ms)
			SetupLoadedEditorAssemblies (671ms)
				LogAssemblyErrors (0ms)
				InitializePlatformSupportModulesInManaged (23ms)
				SetLoadedEditorAssemblies (1ms)
				RefreshPlugins (1ms)
				BeforeProcessingInitializeOnLoad (160ms)
				ProcessInitializeOnLoadAttributes (438ms)
				ProcessInitializeOnLoadMethodAttributes (43ms)
				AfterProcessingInitializeOnLoad (4ms)
				EditorAssembliesLoaded (1ms)
			ExecutionOrderSort2 (0ms)
			AwakeInstancesAfterBackupRestoration (10ms)
Platform modules already initialized, skipping
========================================================================
Worker process is ready to serve import requests
Launched and connected shader compiler UnityShaderCompiler.exe after 0.46 seconds
Refreshing native plugins compatible for Editor in 1.94 ms, found 3 plugins.
Preloading 0 native plugins for Editor in 0.00 ms.
Unloading 3740 Unused Serialized files (Serialized files now loaded: 0)
Unloading 50 unused Assets / (1.3 MB). Loaded Objects now: 4204.
Memory consumption went from 219.4 MB to 218.0 MB.
Total: 19.171200 ms (FindLiveObjects: 0.404100 ms CreateObjectMapping: 0.838800 ms MarkObjects: 13.166000 ms  DeleteObjects: 4.761000 ms)

AssetImportParameters requested are different than current active one (requested -> active):
  custom:video-decoder-ogg-theora: a1e56fd34408186e4bbccfd4996cb3dc -> 
  custom:container-muxer-webm: aa71ff27fc2769a1b78a27578f13a17b -> 
  custom:container-demuxer-webm: 4f35f7cbe854078d1ac9338744f61a02 -> 
  custom:video-encoder-webm-vp8: eb34c28f22e8b96e1ab97ce403110664 -> 
  custom:video-codec-MediaFoundation-h265: 746d11721c4dcdbdad8f713fa42b33f4 -> 
  custom:audio-encoder-webm-vorbis: bf7c407c2cedff20999df2af8eb42d56 -> 
  custom:framework-win-MediaFoundation: 216162199b28c13a410421893ffa2e32 -> 
  custom:container-demuxer-ogg: 62fdf1f143b41e24485cea50d1cbac27 -> 
  custom:video-decoder-webm-vp8: 9c59270c3fd7afecdb556c50c9e8de78 -> 
  custom:audio-decoder-ogg-vorbis: bf7c407c2cedff20999df2af8eb42d56 -> 
========================================================================
Received Import Request.
  Time since last request: 989815.032219 seconds.
  path: Assets/Prefab/Hospoital/Table/Bed 4.prefab
  artifactKey: Guid(fc9b4ffb0d31a5d4aaacfad1f55f3c83) Importer(815301076,1909f56bfc062723c751e8b465ee728b)
Start importing Assets/Prefab/Hospoital/Table/Bed 4.prefab using Guid(fc9b4ffb0d31a5d4aaacfad1f55f3c83) Importer(815301076,1909f56bfc062723c751e8b465ee728b)  -> (artifact id: '556c5f2757d6e20f64039d354de52bbc') in 1.230760 seconds 
========================================================================
Received Import Request.
  Time since last request: 0.000027 seconds.
  path: Assets/Prefab/Hospoital/Table/Bed 2.prefab
  artifactKey: Guid(77eb839e27cc8164f93babd1c49ecc3d) Importer(815301076,1909f56bfc062723c751e8b465ee728b)
Start importing Assets/Prefab/Hospoital/Table/Bed 2.prefab using Guid(77eb839e27cc8164f93babd1c49ecc3d) Importer(815301076,1909f56bfc062723c751e8b465ee728b)  -> (artifact id: '45c66098f97f36249d4a281b68107c03') in 0.276249 seconds 
========================================================================
Received Import Request.
  Time since last request: 0.000282 seconds.
  path: Assets/Prefab/Hospoital/Table/Bed 1.prefab
  artifactKey: Guid(eda7484a67f82fd4e939bd8288834974) Importer(815301076,1909f56bfc062723c751e8b465ee728b)
Start importing Assets/Prefab/Hospoital/Table/Bed 1.prefab using Guid(eda7484a67f82fd4e939bd8288834974) Importer(815301076,1909f56bfc062723c751e8b465ee728b)  -> (artifact id: 'fd7c26385a7843b6360b197f455c8a65') in 0.161127 seconds 
========================================================================
Received Import Request.
  Time since last request: 0.000034 seconds.
  path: Assets/Prefab/Hospoital/Table/Bed 3.prefab
  artifactKey: Guid(db4fcb42ba43ca441892c27788d9d067) Importer(815301076,1909f56bfc062723c751e8b465ee728b)
Start importing Assets/Prefab/Hospoital/Table/Bed 3.prefab using Guid(db4fcb42ba43ca441892c27788d9d067) Importer(815301076,1909f56bfc062723c751e8b465ee728b)  -> (artifact id: '02ac08577e3f0500ef21f328cd886c46') in 0.133231 seconds 
========================================================================
Received Import Request.
  Time since last request: 43.333268 seconds.
  path: Assets/Prefab/Hospoital/Table/Bed 1.prefab
  artifactKey: Guid(eda7484a67f82fd4e939bd8288834974) Importer(815301076,1909f56bfc062723c751e8b465ee728b)
Start importing Assets/Prefab/Hospoital/Table/Bed 1.prefab using Guid(eda7484a67f82fd4e939bd8288834974) Importer(815301076,1909f56bfc062723c751e8b465ee728b)  -> (artifact id: '05ab60297bb0e2091130ae97b3a4ba7c') in 0.037834 seconds 
========================================================================
Received Import Request.
  Time since last request: 9.353187 seconds.
  path: Assets/Prefab/Hospoital/Table/Bed 1.prefab
  artifactKey: Guid(eda7484a67f82fd4e939bd8288834974) Importer(815301076,1909f56bfc062723c751e8b465ee728b)
Start importing Assets/Prefab/Hospoital/Table/Bed 1.prefab using Guid(eda7484a67f82fd4e939bd8288834974) Importer(815301076,1909f56bfc062723c751e8b465ee728b)  -> (artifact id: '369b7cbb8b7b9ef797bc6fb6eeaa5b62') in 0.024131 seconds 
========================================================================
Received Import Request.
  Time since last request: 5.884534 seconds.
  path: Assets/Prefab/Hospoital/Table/Bed 2.prefab
  artifactKey: Guid(77eb839e27cc8164f93babd1c49ecc3d) Importer(815301076,1909f56bfc062723c751e8b465ee728b)
Start importing Assets/Prefab/Hospoital/Table/Bed 2.prefab using Guid(77eb839e27cc8164f93babd1c49ecc3d) Importer(815301076,1909f56bfc062723c751e8b465ee728b)  -> (artifact id: '53c3608b776f81fab544d1c6a272757d') in 0.053982 seconds 
========================================================================
Received Import Request.
  Time since last request: 4.470864 seconds.
  path: Assets/Prefab/Hospoital/Table/Bed 3.prefab
  artifactKey: Guid(db4fcb42ba43ca441892c27788d9d067) Importer(815301076,1909f56bfc062723c751e8b465ee728b)
Start importing Assets/Prefab/Hospoital/Table/Bed 3.prefab using Guid(db4fcb42ba43ca441892c27788d9d067) Importer(815301076,1909f56bfc062723c751e8b465ee728b)  -> (artifact id: '01492a05bc810938c7ed81e171715345') in 0.035007 seconds 
========================================================================
Received Import Request.
  Time since last request: 7.236663 seconds.
  path: Assets/Prefab/Hospoital/Table/Bed 4.prefab
  artifactKey: Guid(fc9b4ffb0d31a5d4aaacfad1f55f3c83) Importer(815301076,1909f56bfc062723c751e8b465ee728b)
Start importing Assets/Prefab/Hospoital/Table/Bed 4.prefab using Guid(fc9b4ffb0d31a5d4aaacfad1f55f3c83) Importer(815301076,1909f56bfc062723c751e8b465ee728b)  -> (artifact id: '353ff66e4461e3b3d278d5414d30be49') in 0.027824 seconds 
========================================================================
Received Prepare
Registering precompiled user dll's ...
Registered in 0.006466 seconds.
Begin MonoManager ReloadAssembly
Symbol file LoadedFromMemory doesn't match image D:\git\cooking\CookingGame\Library\PackageCache\com.unity.visualscripting@1.7.8\Editor\VisualScripting.Core\Dependencies\YamlDotNet\Unity.VisualScripting.YamlDotNet.dll
Symbol file LoadedFromMemory doesn't match image D:\git\cooking\CookingGame\Library\PackageCache\com.unity.visualscripting@1.7.8\Editor\VisualScripting.Core\Dependencies\DotNetZip\Unity.VisualScripting.IonicZip.dll
Native extension for WindowsStandalone target not found
Native extension for Android target not found
Native extension for WebGL target not found
Refreshing native plugins compatible for Editor in 6.56 ms, found 3 plugins.
Preloading 0 native plugins for Editor in 0.00 ms.
Mono: successfully reloaded assembly
- Completed reload, in  3.237 seconds
Domain Reload Profiling:
	ReloadAssembly (3238ms)
		BeginReloadAssembly (205ms)
			ExecutionOrderSort (0ms)
			DisableScriptedObjects (9ms)
			BackupInstance (0ms)
			ReleaseScriptingObjects (0ms)
			CreateAndSetChildDomain (60ms)
		EndReloadAssembly (2877ms)
			LoadAssemblies (132ms)
			RebuildTransferFunctionScriptingTraits (0ms)
			SetupTypeCache (951ms)
			ReleaseScriptCaches (3ms)
			RebuildScriptCaches (165ms)
			SetupLoadedEditorAssemblies (1325ms)
				LogAssemblyErrors (0ms)
				InitializePlatformSupportModulesInManaged (70ms)
				SetLoadedEditorAssemblies (1ms)
				RefreshPlugins (7ms)
				BeforeProcessingInitializeOnLoad (214ms)
				ProcessInitializeOnLoadAttributes (837ms)
				ProcessInitializeOnLoadMethodAttributes (191ms)
				AfterProcessingInitializeOnLoad (5ms)
				EditorAssembliesLoaded (0ms)
			ExecutionOrderSort2 (0ms)
			AwakeInstancesAfterBackupRestoration (49ms)
Platform modules already initialized, skipping
Refreshing native plugins compatible for Editor in 5.20 ms, found 3 plugins.
Preloading 0 native plugins for Editor in 0.00 ms.
Unloading 3691 Unused Serialized files (Serialized files now loaded: 0)
Unloading 31 unused Assets / (1.3 MB). Loaded Objects now: 4228.
Memory consumption went from 219.2 MB to 217.9 MB.
Total: 61.258400 ms (FindLiveObjects: 4.930000 ms CreateObjectMapping: 3.433100 ms MarkObjects: 43.200200 ms  DeleteObjects: 9.693800 ms)

AssetImportParameters requested are different than current active one (requested -> active):
  custom:video-decoder-ogg-theora: a1e56fd34408186e4bbccfd4996cb3dc -> 
  custom:container-muxer-webm: aa71ff27fc2769a1b78a27578f13a17b -> 
  custom:container-demuxer-webm: 4f35f7cbe854078d1ac9338744f61a02 -> 
  custom:video-encoder-webm-vp8: eb34c28f22e8b96e1ab97ce403110664 -> 
  custom:video-codec-MediaFoundation-h265: 746d11721c4dcdbdad8f713fa42b33f4 -> 
  custom:audio-encoder-webm-vorbis: bf7c407c2cedff20999df2af8eb42d56 -> 
  custom:framework-win-MediaFoundation: 216162199b28c13a410421893ffa2e32 -> 
  custom:container-demuxer-ogg: 62fdf1f143b41e24485cea50d1cbac27 -> 
  custom:video-decoder-webm-vp8: 9c59270c3fd7afecdb556c50c9e8de78 -> 
  custom:audio-decoder-ogg-vorbis: bf7c407c2cedff20999df2af8eb42d56 -> 
========================================================================
Received Import Request.
  Time since last request: 456.345596 seconds.
  path: Assets/Prefab/Hospoital/Table/Bed 3.prefab
  artifactKey: Guid(db4fcb42ba43ca441892c27788d9d067) Importer(815301076,1909f56bfc062723c751e8b465ee728b)
Start importing Assets/Prefab/Hospoital/Table/Bed 3.prefab using Guid(db4fcb42ba43ca441892c27788d9d067) Importer(815301076,1909f56bfc062723c751e8b465ee728b)  -> (artifact id: '08a07be44fe4f645f14511306999129c') in 0.164530 seconds 
========================================================================
Received Import Request.
  Time since last request: 5.403806 seconds.
  path: Assets/Prefab/Hospoital/Table/Bed 3.prefab
  artifactKey: Guid(db4fcb42ba43ca441892c27788d9d067) Importer(815301076,1909f56bfc062723c751e8b465ee728b)
Start importing Assets/Prefab/Hospoital/Table/Bed 3.prefab using Guid(db4fcb42ba43ca441892c27788d9d067) Importer(815301076,1909f56bfc062723c751e8b465ee728b)  -> (artifact id: '0026d64cd2a0cfd54889c13516cec3bc') in 0.041072 seconds 
========================================================================
Received Import Request.
  Time since last request: 4.676240 seconds.
  path: Assets/Prefab/Hospoital/Table/Bed 3.prefab
  artifactKey: Guid(db4fcb42ba43ca441892c27788d9d067) Importer(815301076,1909f56bfc062723c751e8b465ee728b)
Start importing Assets/Prefab/Hospoital/Table/Bed 3.prefab using Guid(db4fcb42ba43ca441892c27788d9d067) Importer(815301076,1909f56bfc062723c751e8b465ee728b)  -> (artifact id: 'f3f9be476ce32dabaa376864abcaeef8') in 0.045366 seconds 
========================================================================
Received Import Request.
  Time since last request: 3.453968 seconds.
  path: Assets/Prefab/Hospoital/Table/Bed 3.prefab
  artifactKey: Guid(db4fcb42ba43ca441892c27788d9d067) Importer(815301076,1909f56bfc062723c751e8b465ee728b)
Start importing Assets/Prefab/Hospoital/Table/Bed 3.prefab using Guid(db4fcb42ba43ca441892c27788d9d067) Importer(815301076,1909f56bfc062723c751e8b465ee728b)  -> (artifact id: 'e2c06be3eeba6ce1dc9e344f987cc2b9') in 0.033572 seconds 
========================================================================
Received Import Request.
  Time since last request: 2.611442 seconds.
  path: Assets/Prefab/Hospoital/Table/Bed 3.prefab
  artifactKey: Guid(db4fcb42ba43ca441892c27788d9d067) Importer(815301076,1909f56bfc062723c751e8b465ee728b)
Start importing Assets/Prefab/Hospoital/Table/Bed 3.prefab using Guid(db4fcb42ba43ca441892c27788d9d067) Importer(815301076,1909f56bfc062723c751e8b465ee728b)  -> (artifact id: '88f1eb9db0476ec00fcb86d867d04a82') in 0.038072 seconds 
========================================================================
Received Import Request.
  Time since last request: 3.947457 seconds.
  path: Assets/Prefab/Hospoital/Table/Bed 3.prefab
  artifactKey: Guid(db4fcb42ba43ca441892c27788d9d067) Importer(815301076,1909f56bfc062723c751e8b465ee728b)
Start importing Assets/Prefab/Hospoital/Table/Bed 3.prefab using Guid(db4fcb42ba43ca441892c27788d9d067) Importer(815301076,1909f56bfc062723c751e8b465ee728b)  -> (artifact id: '998054e34ba6e72f2b61029920aa4908') in 0.036909 seconds 
========================================================================
Received Import Request.
  Time since last request: 2.103766 seconds.
  path: Assets/Prefab/Hospoital/Table/Bed 3.prefab
  artifactKey: Guid(db4fcb42ba43ca441892c27788d9d067) Importer(815301076,1909f56bfc062723c751e8b465ee728b)
Start importing Assets/Prefab/Hospoital/Table/Bed 3.prefab using Guid(db4fcb42ba43ca441892c27788d9d067) Importer(815301076,1909f56bfc062723c751e8b465ee728b)  -> (artifact id: 'a1e8358f660575ae408cb3937b324f7c') in 0.030666 seconds 
========================================================================
Received Import Request.
  Time since last request: 6.029852 seconds.
  path: Assets/Prefab/Hospoital/Table/Bed 4.prefab
  artifactKey: Guid(fc9b4ffb0d31a5d4aaacfad1f55f3c83) Importer(815301076,1909f56bfc062723c751e8b465ee728b)
Start importing Assets/Prefab/Hospoital/Table/Bed 4.prefab using Guid(fc9b4ffb0d31a5d4aaacfad1f55f3c83) Importer(815301076,1909f56bfc062723c751e8b465ee728b)  -> (artifact id: 'efe9f126d6808c770de93752ff575dd0') in 0.031332 seconds 
========================================================================
Received Import Request.
  Time since last request: 3.767852 seconds.
  path: Assets/Prefab/Hospoital/Table/Bed 4.prefab
  artifactKey: Guid(fc9b4ffb0d31a5d4aaacfad1f55f3c83) Importer(815301076,1909f56bfc062723c751e8b465ee728b)
Start importing Assets/Prefab/Hospoital/Table/Bed 4.prefab using Guid(fc9b4ffb0d31a5d4aaacfad1f55f3c83) Importer(815301076,1909f56bfc062723c751e8b465ee728b)  -> (artifact id: '4f296df30d9ecb569f637ebb04b4ce3e') in 0.027769 seconds 
========================================================================
Received Prepare
Registering precompiled user dll's ...
Registered in 0.004783 seconds.
Begin MonoManager ReloadAssembly
Symbol file LoadedFromMemory doesn't match image D:\git\cooking\CookingGame\Library\PackageCache\com.unity.visualscripting@1.7.8\Editor\VisualScripting.Core\Dependencies\YamlDotNet\Unity.VisualScripting.YamlDotNet.dll
Symbol file LoadedFromMemory doesn't match image D:\git\cooking\CookingGame\Library\PackageCache\com.unity.visualscripting@1.7.8\Editor\VisualScripting.Core\Dependencies\DotNetZip\Unity.VisualScripting.IonicZip.dll
Native extension for WindowsStandalone target not found
Native extension for Android target not found
Native extension for WebGL target not found
Refreshing native plugins compatible for Editor in 8.40 ms, found 3 plugins.
Preloading 0 native plugins for Editor in 0.00 ms.
Mono: successfully reloaded assembly
- Completed reload, in  4.838 seconds
Domain Reload Profiling:
	ReloadAssembly (4844ms)
		BeginReloadAssembly (241ms)
			ExecutionOrderSort (0ms)
			DisableScriptedObjects (9ms)
			BackupInstance (0ms)
			ReleaseScriptingObjects (0ms)
			CreateAndSetChildDomain (72ms)
		EndReloadAssembly (4252ms)
			LoadAssemblies (439ms)
			RebuildTransferFunctionScriptingTraits (0ms)
			SetupTypeCache (1328ms)
			ReleaseScriptCaches (2ms)
			RebuildScriptCaches (263ms)
			SetupLoadedEditorAssemblies (1770ms)
				LogAssemblyErrors (0ms)
				InitializePlatformSupportModulesInManaged (93ms)
				SetLoadedEditorAssemblies (1ms)
				RefreshPlugins (8ms)
				BeforeProcessingInitializeOnLoad (280ms)
				ProcessInitializeOnLoadAttributes (1203ms)
				ProcessInitializeOnLoadMethodAttributes (174ms)
				AfterProcessingInitializeOnLoad (10ms)
				EditorAssembliesLoaded (0ms)
			ExecutionOrderSort2 (0ms)
			AwakeInstancesAfterBackupRestoration (18ms)
Platform modules already initialized, skipping
Refreshing native plugins compatible for Editor in 2.53 ms, found 3 plugins.
Preloading 0 native plugins for Editor in 0.00 ms.
Unloading 3691 Unused Serialized files (Serialized files now loaded: 0)
Unloading 31 unused Assets / (1.3 MB). Loaded Objects now: 4243.
Memory consumption went from 219.2 MB to 217.9 MB.
Total: 9.793700 ms (FindLiveObjects: 0.818800 ms CreateObjectMapping: 0.298000 ms MarkObjects: 7.688600 ms  DeleteObjects: 0.985700 ms)

AssetImportParameters requested are different than current active one (requested -> active):
  custom:video-decoder-ogg-theora: a1e56fd34408186e4bbccfd4996cb3dc -> 
  custom:container-muxer-webm: aa71ff27fc2769a1b78a27578f13a17b -> 
  custom:container-demuxer-webm: 4f35f7cbe854078d1ac9338744f61a02 -> 
  custom:video-encoder-webm-vp8: eb34c28f22e8b96e1ab97ce403110664 -> 
  custom:video-codec-MediaFoundation-h265: 746d11721c4dcdbdad8f713fa42b33f4 -> 
  custom:audio-encoder-webm-vorbis: bf7c407c2cedff20999df2af8eb42d56 -> 
  custom:framework-win-MediaFoundation: 216162199b28c13a410421893ffa2e32 -> 
  custom:container-demuxer-ogg: 62fdf1f143b41e24485cea50d1cbac27 -> 
  custom:video-decoder-webm-vp8: 9c59270c3fd7afecdb556c50c9e8de78 -> 
  custom:audio-decoder-ogg-vorbis: bf7c407c2cedff20999df2af8eb42d56 -> 
